<?xml version="1.0" encoding="UTF-8" ?>
<testsuite failures="0" time="1.29" errors="0" skipped="0" tests="3" name="com.capgemini.csd.auditable.test.AuditableTest">
  <properties>
    <property name="java.runtime.name" value="Java(TM) SE Runtime Environment"/>
    <property name="sun.boot.library.path" value="C:\Program Files\Java\jdk1.7.0\jre\bin"/>
    <property name="java.vm.version" value="21.0-b17"/>
    <property name="user.country.format" value="GB"/>
    <property name="java.vm.vendor" value="Oracle Corporation"/>
    <property name="java.vendor.url" value="http://java.oracle.com/"/>
    <property name="path.separator" value=";"/>
    <property name="java.vm.name" value="Java HotSpot(TM) 64-Bit Server VM"/>
    <property name="file.encoding.pkg" value="sun.io"/>
    <property name="user.script" value=""/>
    <property name="user.country" value="US"/>
    <property name="sun.java.launcher" value="SUN_STANDARD"/>
    <property name="sun.os.patch.level" value="Service Pack 1"/>
    <property name="java.vm.specification.name" value="Java Virtual Machine Specification"/>
    <property name="user.dir" value="C:\Users\aharmel.CORP\Documents\My Projects\Personal\@Debt\csd-auditable"/>
    <property name="java.runtime.version" value="1.7.0-b147"/>
    <property name="java.awt.graphicsenv" value="sun.awt.Win32GraphicsEnvironment"/>
    <property name="basedir" value="C:\Users\aharmel.CORP\Documents\My Projects\Personal\@Debt\csd-auditable"/>
    <property name="java.endorsed.dirs" value="C:\Program Files\Java\jdk1.7.0\jre\lib\endorsed"/>
    <property name="os.arch" value="amd64"/>
    <property name="surefire.real.class.path" value="C:\Users\AHARME~1.COR\AppData\Local\Temp\surefirebooter1732755212854547694.jar"/>
    <property name="java.io.tmpdir" value="C:\Users\AHARME~1.COR\AppData\Local\Temp\"/>
    <property name="line.separator" value="
"/>
    <property name="java.vm.specification.vendor" value="Oracle Corporation"/>
    <property name="user.variant" value=""/>
    <property name="os.name" value="Windows 7"/>
    <property name="sun.jnu.encoding" value="Cp1252"/>
    <property name="java.library.path" value="C:\Program Files\Java\jdk1.7.0\jre\bin;C:\Windows\Sun\Java\bin;C:\Windows\system32;C:\Windows;C:\Windows\system32;C:\Windows;C:\Windows\System32\Wbem;C:\Windows\System32\WindowsPowerShell\v1.0\;C:\Program Files\ThinkPad\Bluetooth Software\;C:\Program Files\ThinkPad\Bluetooth Software\syswow64;C:\Program Files\Broadcom\WHL\;C:\Program Files\Broadcom\WHL\syswow64;C:\Program Files\Broadcom\WHL\SysWow64\;C:\Program Files\Broadcom\WHL\SysWow64\syswow64;C:\Program Files\Intel\WiFi\bin\;C:\Program Files\Common Files\Intel\WirelessCommon\;C:\Progra~2\Intel\Services\IPT\;C:\Program Files\Java\jdk1.6.0_18\bin;C:\Progra~2\groovy\groovy-1.8.5\bin;C:\Progra~2\grails\grails-2.0.0\bin;C:\Program Files\MySQL\MySQL Server 5.5\bin;C:\Progra~2\QuickTime\QTSystem\;C:\Progra~2\apache-maven-2.2.1\bin;C:\Program Files\Apache Software Foundation\apache-ant-1.8.2\bin;."/>
    <property name="surefire.test.class.path" value="C:\Users\aharmel.CORP\Documents\My Projects\Personal\@Debt\csd-auditable\target\test-classes;C:\Users\aharmel.CORP\Documents\My Projects\Personal\@Debt\csd-auditable\target\classes;C:\Users\aharmel.CORP\Documents\My Projects\Personal\@Debt\csd-debt-annotation\target\csd-debt-annotation-0.7.0.jar;C:\Users\aharmel.CORP\.m2\repository\xerces\xercesImpl\2.9.1\xercesImpl-2.9.1.jar;C:\Users\aharmel.CORP\.m2\repository\xml-apis\xml-apis\1.3.04\xml-apis-1.3.04.jar;C:\Users\aharmel.CORP\.m2\repository\xalan\xalan\2.7.1\xalan-2.7.1.jar;C:\Users\aharmel.CORP\.m2\repository\xalan\serializer\2.7.1\serializer-2.7.1.jar;C:\Users\aharmel.CORP\.m2\repository\org\springframework\spring-core\3.0.4.RELEASE\spring-core-3.0.4.RELEASE.jar;C:\Users\aharmel.CORP\.m2\repository\org\springframework\spring-asm\3.0.4.RELEASE\spring-asm-3.0.4.RELEASE.jar;C:\Users\aharmel.CORP\.m2\repository\commons-logging\commons-logging\1.1.1\commons-logging-1.1.1.jar;C:\Users\aharmel.CORP\.m2\repository\org\springframework\spring-aop\3.0.4.RELEASE\spring-aop-3.0.4.RELEASE.jar;C:\Users\aharmel.CORP\.m2\repository\aopalliance\aopalliance\1.0\aopalliance-1.0.jar;C:\Users\aharmel.CORP\.m2\repository\org\springframework\spring-beans\3.0.4.RELEASE\spring-beans-3.0.4.RELEASE.jar;C:\Users\aharmel.CORP\.m2\repository\org\aspectj\aspectjrt\1.5.4\aspectjrt-1.5.4.jar;C:\Users\aharmel.CORP\.m2\repository\org\springframework\spring-context\3.0.4.RELEASE\spring-context-3.0.4.RELEASE.jar;C:\Users\aharmel.CORP\.m2\repository\org\springframework\spring-expression\3.0.4.RELEASE\spring-expression-3.0.4.RELEASE.jar;C:\Users\aharmel.CORP\.m2\repository\org\springframework\spring-context-support\3.0.4.RELEASE\spring-context-support-3.0.4.RELEASE.jar;C:\Users\aharmel.CORP\.m2\repository\org\aspectj\aspectjweaver\1.6.9\aspectjweaver-1.6.9.jar;C:\Users\aharmel.CORP\.m2\repository\cglib\cglib\2.2\cglib-2.2.jar;C:\Users\aharmel.CORP\.m2\repository\asm\asm\3.1\asm-3.1.jar;C:\Users\aharmel.CORP\.m2\repository\junit\junit\4.7\junit-4.7.jar;C:\Users\aharmel.CORP\.m2\repository\org\jmock\jmock-junit4\2.5.1\jmock-junit4-2.5.1.jar;C:\Users\aharmel.CORP\.m2\repository\org\jmock\jmock\2.5.1\jmock-2.5.1.jar;C:\Users\aharmel.CORP\.m2\repository\org\hamcrest\hamcrest-core\1.1\hamcrest-core-1.1.jar;C:\Users\aharmel.CORP\.m2\repository\org\hamcrest\hamcrest-library\1.1\hamcrest-library-1.1.jar;C:\Users\aharmel.CORP\.m2\repository\junit\junit-dep\4.4\junit-dep-4.4.jar;"/>
    <property name="java.specification.name" value="Java Platform API Specification"/>
    <property name="java.class.version" value="51.0"/>
    <property name="sun.management.compiler" value="HotSpot 64-Bit Tiered Compilers"/>
    <property name="os.version" value="6.1"/>
    <property name="user.home" value="C:\Users\aharmel.CORP"/>
    <property name="user.timezone" value="Europe/London"/>
    <property name="java.awt.printerjob" value="sun.awt.windows.WPrinterJob"/>
    <property name="java.specification.version" value="1.7"/>
    <property name="file.encoding" value="Cp1252"/>
    <property name="user.name" value="AHARMEL"/>
    <property name="java.class.path" value="C:\Users\aharmel.CORP\Documents\My Projects\Personal\@Debt\csd-auditable\target\test-classes;C:\Users\aharmel.CORP\Documents\My Projects\Personal\@Debt\csd-auditable\target\classes;C:\Users\aharmel.CORP\Documents\My Projects\Personal\@Debt\csd-debt-annotation\target\csd-debt-annotation-0.7.0.jar;C:\Users\aharmel.CORP\.m2\repository\xerces\xercesImpl\2.9.1\xercesImpl-2.9.1.jar;C:\Users\aharmel.CORP\.m2\repository\xml-apis\xml-apis\1.3.04\xml-apis-1.3.04.jar;C:\Users\aharmel.CORP\.m2\repository\xalan\xalan\2.7.1\xalan-2.7.1.jar;C:\Users\aharmel.CORP\.m2\repository\xalan\serializer\2.7.1\serializer-2.7.1.jar;C:\Users\aharmel.CORP\.m2\repository\org\springframework\spring-core\3.0.4.RELEASE\spring-core-3.0.4.RELEASE.jar;C:\Users\aharmel.CORP\.m2\repository\org\springframework\spring-asm\3.0.4.RELEASE\spring-asm-3.0.4.RELEASE.jar;C:\Users\aharmel.CORP\.m2\repository\commons-logging\commons-logging\1.1.1\commons-logging-1.1.1.jar;C:\Users\aharmel.CORP\.m2\repository\org\springframework\spring-aop\3.0.4.RELEASE\spring-aop-3.0.4.RELEASE.jar;C:\Users\aharmel.CORP\.m2\repository\aopalliance\aopalliance\1.0\aopalliance-1.0.jar;C:\Users\aharmel.CORP\.m2\repository\org\springframework\spring-beans\3.0.4.RELEASE\spring-beans-3.0.4.RELEASE.jar;C:\Users\aharmel.CORP\.m2\repository\org\aspectj\aspectjrt\1.5.4\aspectjrt-1.5.4.jar;C:\Users\aharmel.CORP\.m2\repository\org\springframework\spring-context\3.0.4.RELEASE\spring-context-3.0.4.RELEASE.jar;C:\Users\aharmel.CORP\.m2\repository\org\springframework\spring-expression\3.0.4.RELEASE\spring-expression-3.0.4.RELEASE.jar;C:\Users\aharmel.CORP\.m2\repository\org\springframework\spring-context-support\3.0.4.RELEASE\spring-context-support-3.0.4.RELEASE.jar;C:\Users\aharmel.CORP\.m2\repository\org\aspectj\aspectjweaver\1.6.9\aspectjweaver-1.6.9.jar;C:\Users\aharmel.CORP\.m2\repository\cglib\cglib\2.2\cglib-2.2.jar;C:\Users\aharmel.CORP\.m2\repository\asm\asm\3.1\asm-3.1.jar;C:\Users\aharmel.CORP\.m2\repository\junit\junit\4.7\junit-4.7.jar;C:\Users\aharmel.CORP\.m2\repository\org\jmock\jmock-junit4\2.5.1\jmock-junit4-2.5.1.jar;C:\Users\aharmel.CORP\.m2\repository\org\jmock\jmock\2.5.1\jmock-2.5.1.jar;C:\Users\aharmel.CORP\.m2\repository\org\hamcrest\hamcrest-core\1.1\hamcrest-core-1.1.jar;C:\Users\aharmel.CORP\.m2\repository\org\hamcrest\hamcrest-library\1.1\hamcrest-library-1.1.jar;C:\Users\aharmel.CORP\.m2\repository\junit\junit-dep\4.4\junit-dep-4.4.jar;"/>
    <property name="java.vm.specification.version" value="1.7"/>
    <property name="sun.arch.data.model" value="64"/>
    <property name="java.home" value="C:\Program Files\Java\jdk1.7.0\jre"/>
    <property name="sun.java.command" value="C:\Users\AHARME~1.COR\AppData\Local\Temp\surefirebooter1732755212854547694.jar C:\Users\AHARME~1.COR\AppData\Local\Temp\surefire5292687216193057809tmp C:\Users\AHARME~1.COR\AppData\Local\Temp\surefire4030919289022976239tmp"/>
    <property name="java.specification.vendor" value="Oracle Corporation"/>
    <property name="user.language" value="en"/>
    <property name="awt.toolkit" value="sun.awt.windows.WToolkit"/>
    <property name="java.vm.info" value="mixed mode"/>
    <property name="java.version" value="1.7.0"/>
    <property name="java.ext.dirs" value="C:\Program Files\Java\jdk1.7.0\jre\lib\ext;C:\Windows\Sun\Java\lib\ext"/>
    <property name="sun.boot.class.path" value="C:\Program Files\Java\jdk1.7.0\jre\lib\resources.jar;C:\Program Files\Java\jdk1.7.0\jre\lib\rt.jar;C:\Program Files\Java\jdk1.7.0\jre\lib\sunrsasign.jar;C:\Program Files\Java\jdk1.7.0\jre\lib\jsse.jar;C:\Program Files\Java\jdk1.7.0\jre\lib\jce.jar;C:\Program Files\Java\jdk1.7.0\jre\lib\charsets.jar;C:\Program Files\Java\jdk1.7.0\jre\classes"/>
    <property name="java.vendor" value="Oracle Corporation"/>
    <property name="localRepository" value="C:\Users\aharmel.CORP\.m2\repository"/>
    <property name="file.separator" value="\"/>
    <property name="java.vendor.url.bug" value="http://bugreport.sun.com/bugreport/"/>
    <property name="sun.cpu.endian" value="little"/>
    <property name="sun.io.unicode.encoding" value="UnicodeLittle"/>
    <property name="sun.desktop" value="windows"/>
    <property name="sun.cpu.isalist" value="amd64"/>
  </properties>
  <testcase time="1.048" classname="com.capgemini.csd.auditable.test.AuditableTest" name="testAuditableMethodWithReturnType"/>
  <testcase time="0.127" classname="com.capgemini.csd.auditable.test.AuditableTest" name="testAuditableMethod"/>
  <testcase time="0.1" classname="com.capgemini.csd.auditable.test.AuditableTest" name="testSimpleAuditableMethod"/>
</testsuite>