<?xml version="1.0" encoding="UTF-8"?>
<beans xmlns="http://www.springframework.org/schema/beans"
	xmlns:aop="http://www.springframework.org/schema/aop"
	xmlns:xsi="http://www.w3.org/2001/XMLSchema-instance"
    xmlns:context="http://www.springframework.org/schema/context"
	xsi:schemaLocation="http://www.springframework.org/schema/beans 
						http://www.springframework.org/schema/beans/spring-beans-3.0.xsd 
              			http://www.springframework.org/schema/context
				        http://www.springframework.org/schema/context/spring-context-3.0.xsd
				        http://www.springframework.org/schema/aop
				        http://www.springframework.org/schema/aop/spring-aop.xsd">

	<context:component-scan base-package="com.capgemini.csd.*" />
	
	<!-- Needed for spring to pick up annotations and AOP support. -->
	<context:annotation-config/>
	<aop:aspectj-autoproxy />
	<bean id="auditor" class="com.capgemini.csd.auditable.Auditor" >
		<constructor-arg name="messager" ref="messager" />
	</bean>
	
	<bean id="messager" class="com.capgemini.csd.auditable.test.AuditMessagerTestImpl" />
	
	<bean id="auditableTestClass" class="com.capgemini.csd.auditable.test.AuditableTestClass" />
</beans>
